<?xml version="1.0" encoding="UTF-8"?>
<testsuite name="com.composecalculator.ExampleUnitTest" tests="1" skipped="0" failures="0" errors="0" timestamp="2022-08-13T02:02:05" hostname="ALEX" time="0.002">
  <properties/>
  <testcase name="addition_isCorrect" classname="com.composecalculator.ExampleUnitTest" time="0.002"/>
  <system-out><![CDATA[]]></system-out>
  <system-err><![CDATA[]]></system-err>
</testsuite>
